android/app/build/intermediates/manifest_merge_blame_file/release/processReleaseMainManifest/manifest-merger-blame-release-report.txt
1<?xml version="1.0" encoding="utf-8"?>
2<manifest xmlns:android="http://schemas.android.com/apk/res/android"
3    package="com.chitput.bakaiti"
4    android:versionCode="1"
5    android:versionName="1.0" >
6
7    <uses-sdk
8        android:minSdkVersion="24"
9        android:targetSdkVersion="36" />
10
11    <!-- Permissions -->
12
13    <uses-permission android:name="android.permission.INTERNET" />
13-->src\main\AndroidManifest.xml:34:5-67
13-->src\main\AndroidManifest.xml:34:22-64
14    <uses-permission android:name="android.permission.POST_NOTIFICATIONS" />
14-->src\main\AndroidManifest.xml:35:5-77
14-->src\main\AndroidManifest.xml:35:22-74
15    <uses-permission android:name="android.permission.RECORD_AUDIO" />
15-->src\main\AndroidManifest.xml:36:5-71
15-->src\main\AndroidManifest.xml:36:22-68
16    <uses-permission android:name="android.permission.MODIFY_AUDIO_SETTINGS" />
16-->src\main\AndroidManifest.xml:37:5-80
16-->src\main\AndroidManifest.xml:37:22-77
17    <uses-permission android:name="android.permission.CAMERA" />
17-->src\main\AndroidManifest.xml:38:5-65
17-->src\main\AndroidManifest.xml:38:22-62
18    <uses-permission android:name="android.permission.READ_MEDIA_IMAGES" />
18-->src\main\AndroidManifest.xml:39:5-76
18-->src\main\AndroidManifest.xml:39:22-73
19    <uses-permission android:name="android.permission.READ_MEDIA_VIDEO" />
19-->src\main\AndroidManifest.xml:40:5-75
19-->src\main\AndroidManifest.xml:40:22-72
20    <uses-permission android:name="android.permission.READ_MEDIA_AUDIO" />
20-->src\main\AndroidManifest.xml:41:5-75
20-->src\main\AndroidManifest.xml:41:22-72
21    <uses-permission
21-->src\main\AndroidManifest.xml:42:5-107
22        android:name="android.permission.READ_EXTERNAL_STORAGE"
22-->src\main\AndroidManifest.xml:42:22-77
23        android:maxSdkVersion="32" />
23-->src\main\AndroidManifest.xml:42:78-104
24    <uses-permission
24-->src\main\AndroidManifest.xml:43:5-108
25        android:name="android.permission.WRITE_EXTERNAL_STORAGE"
25-->src\main\AndroidManifest.xml:43:22-78
26        android:maxSdkVersion="29" />
26-->src\main\AndroidManifest.xml:43:79-105
27
28    <permission
28-->[androidx.core:core:1.17.0] AndroidManifest.xml:22:5-24:47
29        android:name="com.chitput.bakaiti.DYNAMIC_RECEIVER_NOT_EXPORTED_PERMISSION"
29-->[androidx.core:core:1.17.0] AndroidManifest.xml:23:9-81
30        android:protectionLevel="signature" />
30-->[androidx.core:core:1.17.0] AndroidManifest.xml:24:9-44
31
32    <uses-permission android:name="com.chitput.bakaiti.DYNAMIC_RECEIVER_NOT_EXPORTED_PERMISSION" />
32-->[androidx.core:core:1.17.0] AndroidManifest.xml:26:5-97
32-->[androidx.core:core:1.17.0] AndroidManifest.xml:26:22-94
33
34    <application
34-->src\main\AndroidManifest.xml:3:5-30:19
35        android:allowBackup="true"
35-->src\main\AndroidManifest.xml:4:9-35
36        android:appComponentFactory="androidx.core.app.CoreComponentFactory"
36-->[androidx.core:core:1.17.0] AndroidManifest.xml:28:18-86
37        android:extractNativeLibs="false"
38        android:icon="@mipmap/ic_launcher"
38-->src\main\AndroidManifest.xml:5:9-43
39        android:label="@string/app_name"
39-->src\main\AndroidManifest.xml:6:9-41
40        android:roundIcon="@mipmap/ic_launcher_round"
40-->src\main\AndroidManifest.xml:7:9-54
41        android:supportsRtl="true"
41-->src\main\AndroidManifest.xml:8:9-35
42        android:theme="@style/AppTheme"
42-->src\main\AndroidManifest.xml:9:9-40
43        android:usesCleartextTraffic="true" >
43-->[:capacitor-cordova-android-plugins] AndroidManifest.xml:8:18-53
44        <activity
44-->src\main\AndroidManifest.xml:10:9-21:20
45            android:name="com.chitput.bakaiti.MainActivity"
45-->src\main\AndroidManifest.xml:12:13-41
46            android:configChanges="orientation|keyboardHidden|keyboard|screenSize|locale|smallestScreenSize|screenLayout|uiMode|navigation|density"
46-->src\main\AndroidManifest.xml:11:13-148
47            android:exported="true"
47-->src\main\AndroidManifest.xml:16:13-36
48            android:label="@string/title_activity_main"
48-->src\main\AndroidManifest.xml:13:13-56
49            android:launchMode="singleTask"
49-->src\main\AndroidManifest.xml:15:13-44
50            android:theme="@style/AppTheme.NoActionBarLaunch" >
50-->src\main\AndroidManifest.xml:14:13-62
51            <intent-filter>
51-->src\main\AndroidManifest.xml:17:13-20:29
52                <action android:name="android.intent.action.MAIN" />
52-->src\main\AndroidManifest.xml:18:17-69
52-->src\main\AndroidManifest.xml:18:25-66
53
54                <category android:name="android.intent.category.LAUNCHER" />
54-->src\main\AndroidManifest.xml:19:17-77
54-->src\main\AndroidManifest.xml:19:27-74
55            </intent-filter>
56        </activity>
57
58        <provider
59            android:name="androidx.core.content.FileProvider"
59-->src\main\AndroidManifest.xml:24:13-62
60            android:authorities="com.chitput.bakaiti.fileprovider"
60-->src\main\AndroidManifest.xml:25:13-64
61            android:exported="false"
61-->src\main\AndroidManifest.xml:26:13-37
62            android:grantUriPermissions="true" >
62-->src\main\AndroidManifest.xml:27:13-47
63            <meta-data
63-->src\main\AndroidManifest.xml:28:13-112
64                android:name="android.support.FILE_PROVIDER_PATHS"
64-->src\main\AndroidManifest.xml:28:24-74
65                android:resource="@xml/file_paths" />
65-->src\main\AndroidManifest.xml:28:75-109
66        </provider>
67        <provider
67-->[androidx.emoji2:emoji2:1.3.0] AndroidManifest.xml:24:9-32:20
68            android:name="androidx.startup.InitializationProvider"
68-->[androidx.emoji2:emoji2:1.3.0] AndroidManifest.xml:25:13-67
69            android:authorities="com.chitput.bakaiti.androidx-startup"
69-->[androidx.emoji2:emoji2:1.3.0] AndroidManifest.xml:26:13-68
70            android:exported="false" >
70-->[androidx.emoji2:emoji2:1.3.0] AndroidManifest.xml:27:13-37
71            <meta-data
71-->[androidx.emoji2:emoji2:1.3.0] AndroidManifest.xml:29:13-31:52
72                android:name="androidx.emoji2.text.EmojiCompatInitializer"
72-->[androidx.emoji2:emoji2:1.3.0] AndroidManifest.xml:30:17-75
73                android:value="androidx.startup" />
73-->[androidx.emoji2:emoji2:1.3.0] AndroidManifest.xml:31:17-49
74            <meta-data
74-->[androidx.lifecycle:lifecycle-process:2.6.2] AndroidManifest.xml:29:13-31:52
75                android:name="androidx.lifecycle.ProcessLifecycleInitializer"
75-->[androidx.lifecycle:lifecycle-process:2.6.2] AndroidManifest.xml:30:17-78
76                android:value="androidx.startup" />
76-->[androidx.lifecycle:lifecycle-process:2.6.2] AndroidManifest.xml:31:17-49
77            <meta-data
77-->[androidx.profileinstaller:profileinstaller:1.4.0] AndroidManifest.xml:29:13-31:52
78                android:name="androidx.profileinstaller.ProfileInstallerInitializer"
78-->[androidx.profileinstaller:profileinstaller:1.4.0] AndroidManifest.xml:30:17-85
79                android:value="androidx.startup" />
79-->[androidx.profileinstaller:profileinstaller:1.4.0] AndroidManifest.xml:31:17-49
80        </provider>
81
82        <receiver
82-->[androidx.profileinstaller:profileinstaller:1.4.0] AndroidManifest.xml:34:9-52:20
83            android:name="androidx.profileinstaller.ProfileInstallReceiver"
83-->[androidx.profileinstaller:profileinstaller:1.4.0] AndroidManifest.xml:35:13-76
84            android:directBootAware="false"
84-->[androidx.profileinstaller:profileinstaller:1.4.0] AndroidManifest.xml:36:13-44
85            android:enabled="true"
85-->[androidx.profileinstaller:profileinstaller:1.4.0] AndroidManifest.xml:37:13-35
86            android:exported="true"
86-->[androidx.profileinstaller:profileinstaller:1.4.0] AndroidManifest.xml:38:13-36
87            android:permission="android.permission.DUMP" >
87-->[androidx.profileinstaller:profileinstaller:1.4.0] AndroidManifest.xml:39:13-57
88            <intent-filter>
88-->[androidx.profileinstaller:profileinstaller:1.4.0] AndroidManifest.xml:40:13-42:29
89                <action android:name="androidx.profileinstaller.action.INSTALL_PROFILE" />
89-->[androidx.profileinstaller:profileinstaller:1.4.0] AndroidManifest.xml:41:17-91
89-->[androidx.profileinstaller:profileinstaller:1.4.0] AndroidManifest.xml:41:25-88
90            </intent-filter>
91            <intent-filter>
91-->[androidx.profileinstaller:profileinstaller:1.4.0] AndroidManifest.xml:43:13-45:29
92                <action android:name="androidx.profileinstaller.action.SKIP_FILE" />
92-->[androidx.profileinstaller:profileinstaller:1.4.0] AndroidManifest.xml:44:17-85
92-->[androidx.profileinstaller:profileinstaller:1.4.0] AndroidManifest.xml:44:25-82
93            </intent-filter>
94            <intent-filter>
94-->[androidx.profileinstaller:profileinstaller:1.4.0] AndroidManifest.xml:46:13-48:29
95                <action android:name="androidx.profileinstaller.action.SAVE_PROFILE" />
95-->[androidx.profileinstaller:profileinstaller:1.4.0] AndroidManifest.xml:47:17-88
95-->[androidx.profileinstaller:profileinstaller:1.4.0] AndroidManifest.xml:47:25-85
96            </intent-filter>
97            <intent-filter>
97-->[androidx.profileinstaller:profileinstaller:1.4.0] AndroidManifest.xml:49:13-51:29
98                <action android:name="androidx.profileinstaller.action.BENCHMARK_OPERATION" />
98-->[androidx.profileinstaller:profileinstaller:1.4.0] AndroidManifest.xml:50:17-95
98-->[androidx.profileinstaller:profileinstaller:1.4.0] AndroidManifest.xml:50:25-92
99            </intent-filter>
100        </receiver>
101    </application>
102
103</manifest>